----------------------------------------
Exception occurred during processing of request from ('127.0.0.1', 52090)
Traceback (most recent call last):
  File "/Library/Developer/CommandLineTools/Library/Frameworks/Python3.framework/Versions/3.9/lib/python3.9/socketserver.py", line 683, in process_request_thread
    self.finish_request(request, client_address)
  File "/Library/Developer/CommandLineTools/Library/Frameworks/Python3.framework/Versions/3.9/lib/python3.9/socketserver.py", line 360, in finish_request
    self.RequestHandlerClass(request, client_address, self)
  File "/Library/Developer/CommandLineTools/Library/Frameworks/Python3.framework/Versions/3.9/lib/python3.9/socketserver.py", line 747, in __init__
    self.handle()
  File "/Library/Developer/CommandLineTools/Library/Frameworks/Python3.framework/Versions/3.9/lib/python3.9/http/server.py", line 427, in handle
    self.handle_one_request()
  File "/Library/Developer/CommandLineTools/Library/Frameworks/Python3.framework/Versions/3.9/lib/python3.9/http/server.py", line 415, in handle_one_request
    method()
  File "/Users/elishaclark/coding4kids.com/server.py", line 1107, in do_POST
    return self.handle_api_post(path)
  File "/Users/elishaclark/coding4kids.com/server.py", line 1504, in handle_api_post
    return routes[path]()
  File "/Users/elishaclark/coding4kids.com/server.py", line 1460, in <lambda>
    "/api/admin/login": lambda: self.api_login(data, allow=ADMIN_ROLES),
  File "/Users/elishaclark/coding4kids.com/server.py", line 1757, in api_login
    return self._send_json({"token": token, "user": public_user(row)})
  File "/Users/elishaclark/coding4kids.com/server.py", line 1077, in _send_json
    self.wfile.write(body)
  File "/Library/Developer/CommandLineTools/Library/Frameworks/Python3.framework/Versions/3.9/lib/python3.9/socketserver.py", line 826, in write
    self._sock.sendall(b)
BrokenPipeError: [Errno 32] Broken pipe
----------------------------------------
